deadline: RapfiSE must respond to [about] by 119278152
119273152: RapfiSE <- ABOUT
119273261: RapfiSE -> MESSAGE Load config from config.toml
119273261: RapfiSE -> MESSAGE Setting default thread num to 8.
119273273: RapfiSE -> MESSAGE Evaluator set to mix9svq.
119273273: RapfiSE -> name="Rapfi", version="0.43.01 (clang++ 19.1.7 on Linux SSE41 AVX2 AVX512 BMI2 VNNI)", author="Rapfi developers (see AUTHORS file)", country="China"
deadline: RapfiSE responded [about] before 119278152
deadline: RapfiPE must respond to [about] by 119278275
119273275: RapfiPE <- ABOUT
119273369: RapfiPE -> MESSAGE Load config from config.toml
119273369: RapfiPE -> MESSAGE Setting default thread num to 8.
119273380: RapfiPE -> MESSAGE Evaluator set to mix9svq.
119273380: RapfiPE -> name="Rapfi", version="0.43.01 (clang++ 18.1.3 on Linux SSE41 AVX2 AVX512 BMI2 VNNI)", author="Rapfi developers (see AUTHORS file)", country="China"
deadline: RapfiPE responded [about] before 119278275
119273381: RapfiSE <- START 15
deadline: RapfiSE must respond to [start] by 119278381
119273381: RapfiSE -> OK
deadline: RapfiSE responded [start] before 119278381
119273381: RapfiSE <- INFO rule 1
119273381: RapfiSE <- INFO timeout_turn 15000
119273381: RapfiSE <- INFO timeout_match 0
119273381: RapfiSE <- INFO max_memory 2147483648
119273381: RapfiSE <- INFO thread_num 8
119273381: RapfiPE <- START 15
deadline: RapfiPE must respond to [start] by 119278381
119273382: RapfiPE -> OK
deadline: RapfiPE responded [start] before 119278381
119273382: RapfiPE <- INFO rule 1
119273382: RapfiPE <- INFO timeout_turn 15000
119273382: RapfiPE <- INFO timeout_match 0
119273382: RapfiPE <- INFO max_memory 2147483648
119273382: RapfiPE <- INFO thread_num 8
119273382: RapfiSE <- INFO time_left 2147483647
119273382: RapfiSE <- BOARD
119273382: RapfiSE <- 11,0,2
119273382: RapfiSE <- 12,2,1
119273382: RapfiSE <- 13,2,2
119273382: RapfiSE <- 14,4,1
119273382: RapfiSE <- 9,2,2
119273382: RapfiSE <- DONE
deadline: RapfiSE must respond to [move] by 119293382
119273673: RapfiSE -> MESSAGE mix9svq nnue: load weight from mix9svqstandard_bs15.bin.lz4
119273704: RapfiSE -> MESSAGE mix9svq nnue: weight loaded in 31ms
119273709: RapfiSE -> MESSAGE depth 2-3 ev -9 n 552 n/ms 552 tm 1 pv F5 E5
119273709: RapfiSE -> MESSAGE depth 3-4 ev -87 n 1142 n/ms 1142 tm 1 pv F5 E5 E7
119273709: RapfiSE -> MESSAGE depth 4-4 ev -87 n 1313 n/ms 1313 tm 1 pv F5 E5 E7
119273709: RapfiSE -> MESSAGE depth 5-5 ev -102 n 1792 n/ms 1792 tm 1 pv F5 E5 F4 F6
119273709: RapfiSE -> MESSAGE depth 6-6 ev -117 n 2382 n/ms 1191 tm 2 pv F5 E5 F4 F6 E6
119273709: RapfiSE -> MESSAGE depth 7-7 ev -4 n 4329 n/ms 1443 tm 3 pv F4 F5 E4 D4 G5 E3
119273709: RapfiSE -> MESSAGE depth 8-7 ev -4 n 5043 n/ms 1681 tm 3 pv F4 F5 E4 D4 G5 E3
119273709: RapfiSE -> MESSAGE depth 9-8 ev 6 n 5800 n/ms 1933 tm 3 pv F4 F5 E4 D4 G5 E3 D7
119273721: RapfiSE -> MESSAGE depth 10-16 ev -63 n 27K n/ms 1746 tm 16 pv F5 E5 E6 C7 F4 C8 C5 D7 F3 E8 B5 F2 D3 E3
119273722: RapfiSE -> MESSAGE depth 11-15 ev -63 n 30K n/ms 1786 tm 17 pv F5 E5 E6 C7 F4 C8 C5 D7 F3 E8 B5 F2 D3 E3
119273723: RapfiSE -> MESSAGE depth 12-15 ev -63 n 32K n/ms 1821 tm 18 pv F5 E5 E6 C7 F4 C8 C5 D7 F3 E8 B5 F2 D3 E3
119273735: RapfiSE -> MESSAGE depth 13-19 ev -63 n 49K n/ms 1654 tm 30 pv F5 E5 E6 C7 F4 C8 C5 D7 F3 E8 B5 F2 D3 E3
119273805: RapfiSE -> MESSAGE depth 14-24 ev -62 n 126K n/ms 1262 tm 100 pv F4 F5 E4 E5 G5 G4 H6 I7 E6 F7 E7 F6 F8 G9 H8 E8
119273876: RapfiSE -> MESSAGE depth 15-24 ev -54 n 229K n/ms 1343 tm 171 pv G5 F5 G4 E4 G6 G3 D5 E6 E7 F6 D6 E3 D3 D4 C5 B4 C4 G7 H8 F8 F7
119273948: RapfiSE -> MESSAGE depth 16-24 ev -73 n 337K n/ms 1389 tm 243 pv F4 G5 F5 F6 E7 D6 E6 E8 D7 G4 H9 G6 G7 F7 H5 J6 I6 C8 D9 C7 C9
119273961: RapfiSE -> MESSAGE depth 17-21 ev -73 n 359K n/ms 1403 tm 256 pv F4 G5 F5 F6 E7 D6 E6 E8 D7 G4 H9 G6 G7 F7 H5 J6 I6 C8 D9 C7
119273976: RapfiSE -> MESSAGE depth 18-20 ev -73 n 383K n/ms 1416 tm 271 pv F4 G5 F5 F6 E7 D6 E6 E8 D7 G4 H9 G6 G7 F7 H5 J6 I6 C8 D9
119274983: RapfiSE -> MESSAGE depth 19-44 ev 0 n 1549K n/ms 1212 tm 1278 pv F5 F6 E7 E8 D7 C7 C8 E6 D6 D5 G8 F10 E9 G9 H7 H8 G7 F7 I7 G6 D9 D10 I5 F8 F9 I6 H6 H5 I4 E10 J7 K7 G10 E4
119275465: RapfiSE -> MESSAGE depth 20-41 ev -67 n 2150K n/ms 1221 tm 1760 pv F5 E7 E5 D7 F6 D4 F7 E8 B5 F4 E4 D5 D6 G8 G6 H7 H6 E6 F9 F8 D8 I5 I9 H8 I8 J6 K7 I10 H10 G11 G9 H9 J11 J5 K5
119275473: RapfiSE -> MESSAGE depth 21-37 ev -67 n 2162K n/ms 1223 tm 1768 pv F5 E7 E5 D7 F6 D4 F7 E8 B5 F4 E4 D5 D6 G8 G6 H7 H6 E6 F9 F8 D8 I5 I9 H8 I8 J6 K7 I10 H10 G11 G9 H9 J11 J5
119275539: RapfiSE -> MESSAGE depth 22-36 ev -67 n 2214K n/ms 1221 tm 1813 pv F5 E7 E5 D7 F6 D4 F7 E8 B5 F4 E4 D5 D6 G8 G6 H7 H6 E6 F9 F8 D8 I5 I9 H8 I8 J6 K7 I10 H10 G11 G9 H9 J11
119275777: RapfiSE -> MESSAGE depth 23-40 ev -67 n 2492K n/ms 1202 tm 2072 pv F5 E7 E5 D7 F6 D4 F7 E8 B5 F4 E4 D5 D6 G8 G6 H7 H6 E6 F9 F8 D8 I5 I9 H8 I8 J6 K7 I10 H10 G11 G9 H9 J11 J5
119276205: RapfiSE -> MESSAGE depth 24-48 ev -48 n 3015K n/ms 1206 tm 2500 pv F5 F6 E7 F8 E6 E8 D7 C8 D8 D9 F7 C7 C9 H7 D5 C4 C5 E5 H8 E10 F11 B10 E11 D10 D6 D4 F10 G9 G11 C10 A10 H11 B4 A3 A5 D2 F12 F9 D11 C11 E9 H12 E13
119280141: RapfiSE -> MESSAGE depth 25-42 ev -11 n 7564K n/ms 1175 tm 6436 pv F4 G5 F5 F6 E7 D6 E6 E8 D7 G4 G6 H7 E10 C8 F10 D10 F8 F11 H9 I10 I9 G9 G11 J8 H12 I13 J10 K9 F12 H10
119285414: RapfiSE -> MESSAGE depth 26-49 ev -62 n 13M n/ms 1151 tm 11709 pv F5 F6 D6 E7 D8 E8 D7 D5 E5 G4 E4 E9 E10 D9 G3 F4 I5 F2 F7 E2 H5 G5 D2 H7 I3 H6 I7 G8 I6 I4 H10 I8 H8 J4 H4 J6 G9 F10 I11 J12 J10
119288683: RapfiSE -> 10,5
deadline: RapfiSE responded [move] before 119293382
119288683: RapfiPE <- INFO time_left 2147483647
119288683: RapfiPE <- BOARD
119288683: RapfiPE <- 11,0,1
119288683: RapfiPE <- 12,2,2
119288683: RapfiPE <- 13,2,1
119288683: RapfiPE <- 14,4,2
119288683: RapfiPE <- 9,2,1
119288683: RapfiPE <- 10,5,2
119288683: RapfiPE <- DONE
deadline: RapfiPE must respond to [move] by 119308683
119288684: RapfiPE -> MESSAGE mix9svq nnue: load weight from mix9svqstandard_bs15.bin.lz4
119288724: RapfiPE -> MESSAGE mix9svq nnue: weight loaded in 40ms
119288726: RapfiPE -> MESSAGE depth 2-3 ev 112 n 561 n/ms 561 tm 1 pv E8 D7
119288729: RapfiPE -> MESSAGE depth 3-4 ev 87 n 1043 n/ms 1043 tm 1 pv E5 E7
119288729: RapfiPE -> MESSAGE depth 4-4 ev 127 n 1785 n/ms 1785 tm 1 pv E7 F6 F7
119288729: RapfiPE -> MESSAGE depth 5-5 ev 107 n 2758 n/ms 1379 tm 2 pv E7 F6 F7 D7
119288729: RapfiPE -> MESSAGE depth 6-7 ev 158 n 5118 n/ms 2559 tm 2 pv E5 E8 D6 C7
119288729: RapfiPE -> MESSAGE depth 7-10 ev 110 n 7105 n/ms 2368 tm 3 pv E7 F6 E5 F7 F4 E8 G6
119288729: RapfiPE -> MESSAGE depth 8-10 ev 110 n 7350 n/ms 1837 tm 4 pv E7 F6 E5 F7 F4 E8 G6
119288729: RapfiPE -> MESSAGE depth 9-10 ev 110 n 7670 n/ms 1917 tm 4 pv E7 F6 E5 F7 F4 E8 G6
119288742: RapfiPE -> MESSAGE depth 10-17 ev 68 n 27K n/ms 1642 tm 17 pv E5 F7 E6 E7 F8 F6 D8 H7 D7 E8 D6 D9
119288743: RapfiPE -> MESSAGE depth 11-14 ev 68 n 28K n/ms 1608 tm 18 pv E5 F7 E6 E7 F8 F6 D8 H7 D7 E8 D6
119288743: RapfiPE -> MESSAGE depth 12-14 ev 68 n 29K n/ms 1648 tm 18 pv E5 F7 E6 E7 F8 F6 D8 H7 D7 E8 D6
119288746: RapfiPE -> MESSAGE depth 13-14 ev 68 n 32K n/ms 1568 tm 21 pv E5 F7 E6 E7 F8 F6 D8 H7 D7 E8 D6
119288750: RapfiPE -> MESSAGE depth 14-17 ev 68 n 39K n/ms 1585 tm 25 pv E5 F7 E6 E7 F8 F6 D8 H7 D7 E8 D6 D9
119289012: RapfiPE -> MESSAGE depth 15-26 ev 10 n 351K n/ms 1224 tm 287 pv E5 E8 F7 E6 D8 H6 C7 D7 C8 C9 F8 D6 F10 F6 G6 E9 E10 F11 G4 G10 F9
119289029: RapfiPE -> MESSAGE depth 16-23 ev 18 n 373K n/ms 1228 tm 304 pv E5 E8 F7 E6 D8 H6 C7 D7 C8 C9 F8 D6 F10 F6 G6 E9 E10 F11 G4 G10 F9 G8
119289774: RapfiPE -> MESSAGE depth 17-36 ev 0 n 1174K n/ms 1120 tm 1049 pv E7 E5 D7 F6 D4 F7 E8 B5 F4 E4 D5 D6 F8 G6 H7 H5 I5 G4 I6 G8 H6 G7 G5 E3 E2
119290231: RapfiPE -> MESSAGE depth 18-37 ev 19 n 1656K n/ms 1099 tm 1506 pv F6 E7 F8 E8 E6 D6 H6 G7 H7 H5 I6 G6 F7 G8 G5 G10 G9 I7 H10 H9 H11 F10 I11 J12 F11 G11 H12 H13 K6
119290261: RapfiPE -> MESSAGE depth 19-39 ev 46 n 1687K n/ms 1098 tm 1536 pv F6 E7 F8 E8 E6 D6 H6 G7 H7 H5 I6 G6 F7 G8 G5 G10 G9 I7 H10 H9 H11 I11 I8 J9 K7 L8 K9 L6 F10 F9 E11 D12 G11 H12 E13
119290589: RapfiPE -> MESSAGE depth 20-40 ev 64 n 2036K n/ms 1092 tm 1864 pv F6 E7 F8 E8 E6 D6 H6 G7 H7 H5 I6 G6 F7 G8 G5 G10 G9 I7 H10 H9 H11 F10 I11 J12 F11 G11 H12 H13 K6 G13 I13 J11 I12 I10 K12 J6 K5 K4 J13
119290663: RapfiPE -> MESSAGE depth 21-39 ev 64 n 2130K n/ms 1099 tm 1938 pv F6 E7 F8 E8 E6 D6 H6 G7 H7 H5 I6 G6 F7 G8 G5 G10 G9 I7 H10 H9 H11 F10 I11 J12 F11 G11 H12 H13 K6 G13 I13 J11 I12 I10 K12 J6 K5 K4
119290695: RapfiPE -> MESSAGE depth 22-38 ev 64 n 2172K n/ms 1103 tm 1970 pv F6 E7 F8 E8 E6 D6 H6 G7 H7 H5 I6 G6 F7 G8 G5 G10 G9 I7 H10 H9 H11 F10 I11 J12 F11 G11 H12 H13 K6 G13 I13 J11 I12 I10 K12 J6 K5
119290955: RapfiPE -> MESSAGE depth 23-38 ev 64 n 2492K n/ms 1117 tm 2230 pv F6 E7 F8 E8 E6 D6 H6 G7 H7 H5 I6 G6 F7 G8 G5 G10 G9 I7 H10 H9 H11 F10 I11 J12 F11 G11 H12 H13 K6 G13 I13 J11 I12 I10 K12
119295634: RapfiPE -> MESSAGE depth 24-52 ev 79 n 7539K n/ms 1091 tm 6909 pv E8 D7 C8 E5 F6 G5 D5 C7 E4 B7 E7 D6 B8 D8 G3 E9 F10 H6 I7 G9 F9 F8 G7 H5 I5 H7 H8 H3 H4 J6 I6 I8 J9 J10 D9 G4 E6 C10 H11 G12 G11 H10
119295664: RapfiPE -> MESSAGE depth 25-42 ev 79 n 7581K n/ms 1092 tm 6939 pv E8 D7 C8 E5 F6 G5 D5 C7 E4 B7 E7 D6 B8 D8 G3 E9 F10 H6 I7 G9 F9 F8 G7 H5 I5 H7 H8 H3 H4 J6 I6 I8 J9 J10 D9 G4 E6 C10 H11 G12 G11
119295773: RapfiPE -> MESSAGE depth 26-42 ev 79 n 7724K n/ms 1096 tm 7048 pv E8 D7 C8 E5 F6 G5 D5 C7 E4 B7 E7 D6 B8 D8 G3 E9 F10 H6 I7 G9 F9 F8 G7 H5 I5 H7 H8 H3 H4 J6 I6 I8 J9 J10 D9 G4 E6 C10 H11 G12 G11
119295920: RapfiPE -> MESSAGE depth 27-45 ev 79 n 7922K n/ms 1101 tm 7195 pv E8 D7 C8 E5 F6 G5 D5 C7 E4 B7 E7 D6 B8 D8 G3 E9 F10 H6 I7 G9 F9 F8 G7 H5 I5 H7 H8 H3 H4 J6 I6 I8 J9 J10 D9 G4 E6 C10 H11 G12 G11 H10
119296470: RapfiPE -> MESSAGE depth 28-42 ev 79 n 8630K n/ms 1114 tm 7744 pv E8 D7 C8 E5 F6 G5 D5 C7 E4 B7 E7 D6 B8 D8 G3 E9 F10 H6 I7 G9 F9 F8 G7 H5 I5 H7 H8 H3 H4 J6 I6 I8 J9 J10 D9 G4 E6 C10 H11 G12 G11
119303703: RapfiPE -> 7,4
deadline: RapfiPE responded [move] before 119308683
119303703: RapfiSE <- INFO time_left 2147483647
119303703: RapfiSE <- TURN 7,4
deadline: RapfiSE must respond to [move] by 119323703
119303709: RapfiSE -> MESSAGE depth 2-8 ev -74 n 770 n/ms 770 tm 1 pv E5 D5 E4
119303709: RapfiSE -> MESSAGE depth 3-7 ev 9 n 1545 n/ms 1545 tm 1 pv E5 D5 E4 E6
119303709: RapfiSE -> MESSAGE depth 4-7 ev 9 n 2300 n/ms 2300 tm 1 pv E5 D5 E4 E6
119303709: RapfiSE -> MESSAGE depth 5-7 ev -25 n 4693 n/ms 2346 tm 2 pv E5 D5 D7 F6
119303709: RapfiSE -> MESSAGE depth 6-12 ev -44 n 8671 n/ms 2890 tm 3 pv E5 D5 D7 F6 E4 E6 E3 E2
119303709: RapfiSE -> MESSAGE depth 7-13 ev -76 n 10K n/ms 2651 tm 4 pv E5 D5 E4 E6 G6 H7 E3 E2 D4 B2
119303710: RapfiSE -> MESSAGE depth 8-17 ev -76 n 11K n/ms 2364 tm 5 pv E5 D5 E4 E6 G6 H7 E3 E2 D4 B2
119303711: RapfiSE -> MESSAGE depth 9-17 ev -76 n 14K n/ms 2429 tm 6 pv E5 D5 E4 E6 G6 H7 E3 E2 D4 B2
119303712: RapfiSE -> MESSAGE depth 10-15 ev -76 n 17K n/ms 2436 tm 7 pv E5 D5 E4 E6 G6 H7 E3 E2 D4 B2
119303715: RapfiSE -> MESSAGE depth 11-24 ev -78 n 22K n/ms 2257 tm 10 pv E5 D5 E3 E6 D3 F3 E4 E2 D4 F6 G6 H7 B6 F2 B2 A1
119303716: RapfiSE -> MESSAGE depth 12-17 ev -43 n 24K n/ms 2190 tm 11 pv E5 D5 E4 E6 D7 F6 D6 G8 F7 D8 F8 E7 C9
119303736: RapfiSE -> MESSAGE depth 13-30 ev -62 n 62K n/ms 2031 tm 31 pv D7 C8 E5 F6 C7 D8 F8 E7 G5 D5 B8 D6 E6 H5 E10 G4 I6 H7 H6 I7 G7
119303737: RapfiSE -> MESSAGE depth 14-18 ev -62 n 64K n/ms 2029 tm 32 pv D7 C8 E5 F6 C7 D8 F8 E7 G5 D5 B8 D6 E6 H5 E10 G4 I6
119303739: RapfiSE -> MESSAGE depth 15-20 ev -62 n 68K n/ms 2009 tm 34 pv D7 C8 E5 F6 C7 D8 F8 E7 G5 D5 B8 D6 E6 H5 E10 G4 I6 H7 H6
119303742: RapfiSE -> MESSAGE depth 16-18 ev -62 n 75K n/ms 2030 tm 37 pv D7 C8 E5 F6 C7 D8 F8 E7 G5 D5 B8 D6 E6 H5 E10 G4 I6
119303745: RapfiSE -> MESSAGE depth 17-18 ev -62 n 82K n/ms 2064 tm 40 pv D7 C8 E5 F6 C7 D8 F8 E7 G5 D5 B8 D6 E6 H5 E10 G4 I6
119303750: RapfiSE -> MESSAGE depth 18-18 ev -62 n 91K n/ms 2042 tm 45 pv D7 C8 E5 F6 C7 D8 F8 E7 G5 D5 B8 D6 E6 H5 E10 G4 I6
119303756: RapfiSE -> MESSAGE depth 19-19 ev -62 n 102K n/ms 2008 tm 51 pv D7 C8 E5 F6 C7 D8 F8 E7 G5 D5 B8 D6 E6 H5 E10 G4 I6 H7
119303766: RapfiSE -> MESSAGE depth 20-25 ev -62 n 117K n/ms 1928 tm 61 pv D7 C8 E5 F6 C7 D8 F8 E7 G5 D5 B8 D6 E6 H5 E10 G4 I6 H7 H6 I7 G7 E9
119304137: RapfiSE -> MESSAGE depth 21-41 ev -21 n 600K n/ms 1390 tm 432 pv D7 C8 E5 F6 G5 D5 C7 E4 B7 E7 D6 B8 D8 E9 E10 H5 I7 H6 I6 I8 G3 F4 H4 I5 G7 G8 G4 G6 H3 E6 F7 H8 F8 H9 H7 J7 K6 G2 F3 I3
119304253: RapfiSE -> MESSAGE depth 22-43 ev -29 n 758K n/ms 1383 tm 548 pv D7 C8 E5 F6 G5 D5 C7 E4 B7 E7 D6 B8 D8 E9 E10 G3 I6 H5 I7 H3 F3 H6 H7 G7 I5 I8 D10 D9 G9 F10 I3 I4 K6 H4 H2
119304282: RapfiSE -> MESSAGE depth 23-32 ev -54 n 793K n/ms 1375 tm 577 pv D7 C8 E5 F6 G5 D5 C7 E4 B7 E7 D6 B8 D8 E9 E10 H5 I7 H6 I6 I8 G3 F4 H4 I5 H9 D9 F8 K5 J4 K4
119304310: RapfiSE -> MESSAGE depth 24-31 ev -54 n 827K n/ms 1368 tm 605 pv D7 C8 E5 F6 G5 D5 C7 E4 B7 E7 D6 B8 D8 E9 E10 H5 I7 H6 I6 I8 G3 F4 H4 I5 H9 D9 F8 K5 J4 K4
119304379: RapfiSE -> MESSAGE depth 25-33 ev -54 n 906K n/ms 1345 tm 674 pv D7 C8 E5 F6 G5 D5 C7 E4 B7 E7 D6 B8 D8 E9 E10 H5 I7 H6 I6 I8 G3 F4 H4 I5 H9 D9 F8 K5 J4 K4 K6 F9
119307263: RapfiSE -> MESSAGE depth 26-60 ev -76 n 4176K n/ms 1174 tm 3557 pv D7 C8 E5 F6 G5 D5 C7 E7 D6 F4 E9 D9 B8 A9 B7 C10 I5 H5 B11 F10 G8 E11 G9 E10 B10 B9 F11 E12 D11 F12 D10 G12 H12 H11 E14 I10 G7 G6 G10 G11 J9 I9
119312701: RapfiSE -> MESSAGE depth 27-66 ev -36 n 10M n/ms 1159 tm 8996 pv E5 D5 E4 E6 D7 F6 D6 G8 F7 D8 F8 E7 C9 I6 H6 H7 F9 E9 E10 F10 G11 C7 B6 I5 I7 K8 J5 J7 L9 J8 I8 K7 H4 E3 I9 M7 G4 I4
119315952: RapfiSE -> MESSAGE depth 28-68 ev -36 n 14M n/ms 1150 tm 12247 pv E5 D5 E4 E6 D7 G8 F7 F6 D6 D8 F8 E7 C9 I6 H6 H7 F9 E9 E10 F10 G11 C7 B6 I5 I7 K8 J5 J7 L9 K6 E3 E2 D3 G5 H4 G4 H5 F3 D4 G6 G7 G2 G3 F2 D2 H2 I2 B4 B2 A1 I8 M6 L6
119316047: RapfiSE -> MESSAGE depth 29-55 ev -32 n 14M n/ms 1152 tm 12342 pv E5 D5 D7 F6 E4 E6 D6 G8 F7 D8 F8 E7 C9 I6 H6 H7 F9 E9 E10 F10 G11 C7 B6 I5 I7 K8 J5 J7 L9 K6 E3 E2 D3 G5 H4 G4 H5 F3 D4 G6 G7 G2 G3 F2 D2 H2 I2 B4 K9 J8 I8 J9 J10 M6
119316694: RapfiSE -> MESSAGE depth 30-61 ev -14 n 14M n/ms 1152 tm 12989 pv E5 D5 D7 F6 E4 E6 D6 G8 F7 D8 F8 E7 C9 I6 H6 H7 F9 E9 E10 F10 G11 C7 B6 I5 I7 K8 J5 J7 L9 J8 I8 J10 J9 I9 G5 F4 K9 M9 E3 E2 D3 B3 G3 F3 K11 K7
119317140: RapfiSE -> MESSAGE depth 31-51 ev -29 n 15M n/ms 1155 tm 13435 pv E5 D5 D7 F6 E4 E6 D6 G8 F7 D8 F8 E7 C9 I6 H6 H7 F9 E9 E10 F10 G11 C7 B6 I5 I7 K8 J5 J7 L9 J8 I8 J10 J9 I9 G5 F4 K7 H8 G7 I11 K11 J12 H12
119318682: RapfiSE -> 10,4
deadline: RapfiSE responded [move] before 119323703
119318682: RapfiPE <- INFO time_left 2147483647
119318682: RapfiPE <- TURN 10,4
deadline: RapfiPE must respond to [move] by 119338682
119318684: RapfiPE -> MESSAGE depth 2-6 ev 87 n 480 n/ms 480 tm 1 pv D5 E4 E6
119318684: RapfiPE -> MESSAGE depth 3-9 ev 87 n 889 n/ms 889 tm 1 pv D5 E4 E6 F3
119318684: RapfiPE -> MESSAGE depth 4-9 ev 87 n 1379 n/ms 1379 tm 1 pv D5 E4 E6 F3
119318684: RapfiPE -> MESSAGE depth 5-9 ev 87 n 1809 n/ms 1809 tm 1 pv D5 E4 E6 F3
119318684: RapfiPE -> MESSAGE depth 6-8 ev 87 n 2220 n/ms 2220 tm 1 pv D5 E4 E6 F3 D3
119318687: RapfiPE -> MESSAGE depth 7-13 ev 87 n 2964 n/ms 2964 tm 1 pv D5 E4 E6 F3 D3 F6
119318687: RapfiPE -> MESSAGE depth 8-13 ev 87 n 3898 n/ms 1949 tm 2 pv D5 E4 E6 F3 D3 F6 D7 B5
119318687: RapfiPE -> MESSAGE depth 9-13 ev 87 n 4914 n/ms 2457 tm 2 pv D5 E4 E6 F3 D3 F6 D7 B5
119318687: RapfiPE -> MESSAGE depth 10-10 ev 87 n 5731 n/ms 2865 tm 2 pv D5 E4 E6 D4 F6 G6 H7 E3 E2
119318687: RapfiPE -> MESSAGE depth 11-14 ev 43 n 8895 n/ms 2223 tm 4 pv D5 E4 E6 D7 F6 D6 G8 F7 D8 F8 E7
119318687: RapfiPE -> MESSAGE depth 12-12 ev 43 n 10K n/ms 2650 tm 4 pv D5 E4 E6 D7 F6 D6 G8 F7 D8 F8 E7
119318688: RapfiPE -> MESSAGE depth 13-11 ev 43 n 11K n/ms 2373 tm 5 pv D5 E4 E6 D7 F6 D6 G8 F7 D8 F8
119318688: RapfiPE -> MESSAGE depth 14-12 ev 43 n 13K n/ms 2665 tm 5 pv D5 E4 E6 D7 F6 D6 G8 F7 D8 F8 E7
119318689: RapfiPE -> MESSAGE depth 15-12 ev 43 n 14K n/ms 2488 tm 6 pv D5 E4 E6 D7 F6 D6 G8 F7 D8 F8 E7
119318690: RapfiPE -> MESSAGE depth 16-15 ev 43 n 16K n/ms 2401 tm 7 pv D5 E4 E6 D7 F6 D6 G8 F7 D8 F8 E7 C9
119318691: RapfiPE -> MESSAGE depth 17-21 ev 42 n 19K n/ms 2400 tm 8 pv D5 E4 E6 D7 F6 D6 G8 F7 D8 F8 E7 C9 I6 H6
119318736: RapfiPE -> MESSAGE depth 18-46 ev 108 n 114K n/ms 2158 tm 53 pv D5 E4 E6 D7 G8 F7 F6 D6 D8 F8 E7 C9 I6 H6 H7 F9 E9 E10 F10 G11 C7 B6 I5 E3 E2 D4 C5 F4
119318967: RapfiPE -> MESSAGE depth 19-55 ev 89 n 412K n/ms 1453 tm 284 pv D5 D7 F6 E4 E6 D6 G8 F7 D8 F8 E7 C9 I6 H6 H7 F9 E9 E10 F10 G11 C7 B6 I5 E3 E2 F3 G3 F4 G5 H4 D4 J5 I4 I7 K8 J7 J9
119318973: RapfiPE -> MESSAGE depth 20-36 ev 89 n 423K n/ms 1460 tm 290 pv D5 D7 F6 E4 E6 D6 G8 F7 D8 F8 E7 C9 I6 H6 H7 F9 E9 E10 F10 G11 C7 B6 I5 E3 E2 F3 G3 F4 G5 H4 D4 J5 I4 I7 K8
119319009: RapfiPE -> MESSAGE depth 21-48 ev 60 n 488K n/ms 1498 tm 326 pv D5 D7 F6 E4 E6 D6 G8 F7 D8 F8 E7 C9 I6 H6 H7 F9 E9 E10 F10 G11 C7 B6 I5 E3 E2 F3 G3 F4 G5 H4 D4 J5 I4 F2 F1 I7 K8 J7 J9
119319024: RapfiPE -> MESSAGE depth 22-44 ev 45 n 515K n/ms 1512 tm 341 pv D5 D7 F6 E4 E6 D6 G8 F7 D8 F8 E7 C9 I6 H6 H7 F9 E9 E10 F10 G11 C7 B6 I5 E3 E2 F3 G3 F4 G5 H4 D4 J5 I4 I7 K8 J7 J9 K10 J10 J8 K9 I9
119319030: RapfiPE -> MESSAGE depth 23-40 ev 45 n 528K n/ms 1524 tm 347 pv D5 D7 F6 E4 E6 D6 G8 F7 D8 F8 E7 C9 I6 H6 H7 F9 E9 E10 F10 G11 C7 B6 I5 E3 E2 F3 G3 F4 G5 H4 D4 J5 I4 I7 K8 J7 J9 K10 J10
119319034: RapfiPE -> MESSAGE depth 24-40 ev 45 n 536K n/ms 1527 tm 351 pv D5 D7 F6 E4 E6 D6 G8 F7 D8 F8 E7 C9 I6 H6 H7 F9 E9 E10 F10 G11 C7 B6 I5 E3 E2 F3 G3 F4 G5 H4 D4 J5 I4 I7 K8 J7 J9 K10 J10
119319038: RapfiPE -> MESSAGE depth 25-41 ev 45 n 545K n/ms 1537 tm 355 pv D5 D7 F6 E4 E6 D6 G8 F7 D8 F8 E7 C9 I6 H6 H7 F9 E9 E10 F10 G11 C7 B6 I5 E3 E2 F3 G3 F4 G5 H4 D4 J5 I4 I7 K8 J7 J9 K10 J10 J8
119319042: RapfiPE -> MESSAGE depth 26-41 ev 45 n 553K n/ms 1542 tm 359 pv D5 D7 F6 E4 E6 D6 G8 F7 D8 F8 E7 C9 I6 H6 H7 F9 E9 E10 F10 G11 C7 B6 I5 E3 E2 F3 G3 F4 G5 H4 D4 J5 I4 I7 K8 J7 J9 K10 J10 J8
119319066: RapfiPE -> MESSAGE depth 27-41 ev 45 n 596K n/ms 1556 tm 383 pv D5 D7 F6 E4 E6 D6 G8 F7 D8 F8 E7 C9 I6 H6 H7 F9 E9 E10 F10 G11 C7 B6 I5 E3 E2 F3 G3 F4 G5 H4 D4 J5 I4 I7 K8 J7 J9 K10 J10 J8
119324018: RapfiPE -> MESSAGE depth 28-73 ev 45 n 5970K n/ms 1119 tm 5335 pv D5 D7 F6 E4 E6 D6 G8 F7 D8 F8 E7 C9 I6 H6 H7 F9 E9 E10 F10 G11 C7 B6 I5 I7 K8 J5 J7 L9 I8 E3 E2 G5 F4 J8 K9 K10 K6 L5 J10 L8 J11 H9 I9 J12 M6 K5
119324081: RapfiPE -> MESSAGE depth 29-54 ev 45 n 6040K n/ms 1119 tm 5398 pv D5 D7 F6 E4 E6 D6 G8 F7 D8 F8 E7 C9 I6 H6 H7 F9 E9 E10 F10 G11 C7 B6 I5 I7 K8 J5 J7 L9 I8 E3 E2 G5 F4 J8 K9 K10 K6 L5 J10 L8 J11 H9 I9 J12 M6 K5 H8 G7
119327023: RapfiPE -> MESSAGE depth 30-68 ev 3 n 9152K n/ms 1097 tm 8340 pv D5 D7 F6 E4 E6 D6 G8 F7 D8 F8 E7 C9 I6 H6 H7 F9 E9 E10 F10 G11 C7 B6 I5 I7 J9 J5 I8 K10 J8 E3 E2 D4 C5 B3 C4 C8 F3 K8 J10 J7 I9 G5 F4 K9 K7 L6 H8 G7 J12 J11 I12 K11 K12 I11 H11 H12 J13 K14 L11 M10
119328591: RapfiPE -> MESSAGE depth 31-69 ev 22 n 10M n/ms 1077 tm 9908 pv D5 D7 F6 E4 E6 D6 G8 F7 D8 F8 E7 C9 I6 H6 H7 F9 G7 G5 F4 E9 G9 G10 F11 E11 D10 I5 H5 K8 J6 J7 K6 L6 I9 H8 J11 I10 J9 K9 K10 J8 I7 I8 L8 I12 J13
119333636: RapfiPE -> MESSAGE depth 32-63 ev 13 n 15M n/ms 1027 tm 14953 pv D5 D7 F6 E4 E6 D6 G8 F7 D8 F8 E7 C9 I6 H6 H7 F9 G7 G5 F4 E9 G9 G10 F11 E11 D10 I5 H5 K8 J6 I7 J8 J9 I9 J10 L6 H10 I10 J5 L7 L5 J11 K12 M7 K7
119333640: RapfiPE -> 10,3
deadline: RapfiPE responded [move] before 119338682
119333640: RapfiSE <- INFO time_left 2147483647
119333641: RapfiSE <- TURN 10,3
deadline: RapfiSE must respond to [move] by 119353641
119333646: RapfiSE -> MESSAGE depth 2-4 ev -44 n 667 n/ms 667 tm 1 pv E4 E6 D7
119333646: RapfiSE -> MESSAGE depth 3-5 ev -44 n 1338 n/ms 1338 tm 1 pv E4 E6 D7 G8
119333646: RapfiSE -> MESSAGE depth 4-5 ev 85 n 1951 n/ms 1951 tm 1 pv E4 E6 D7 G8
119333646: RapfiSE -> MESSAGE depth 5-14 ev 37 n 3234 n/ms 1617 tm 2 pv E4 D7 B5 D6 D4 F6 G6
119333646: RapfiSE -> MESSAGE depth 6-14 ev 37 n 4095 n/ms 2047 tm 2 pv E4 D7 B5 D6 D4 F6 G6
119333648: RapfiSE -> MESSAGE depth 7-14 ev 37 n 9834 n/ms 1639 tm 6 pv E4 D7 B5 D6 D4 F6 G6
119333650: RapfiSE -> MESSAGE depth 8-11 ev -42 n 13K n/ms 1711 tm 8 pv E4 E6 D7 F6 D6 G8 F7 D8 F8 E7
119333651: RapfiSE -> MESSAGE depth 9-14 ev -29 n 14K n/ms 1610 tm 9 pv E4 E6 D7 F6 D6 G8 F7 D8 F8 E7 C9
119333676: RapfiSE -> MESSAGE depth 10-43 ev -111 n 53K n/ms 1580 tm 34 pv E4 E6 D7 F6 D6 G8 F7 D8 F8 E7 C9 I6 H6 H7 F9 E9 E10 F10 G11 I7 G3
119333681: RapfiSE -> MESSAGE depth 11-17 ev -91 n 62K n/ms 1591 tm 39 pv E4 E6 D7 F6 D6 G8 F7 D8 F8 E7 C9 I6 H6 H7 E3 E2
119333685: RapfiSE -> MESSAGE depth 12-41 ev -93 n 70K n/ms 1635 tm 43 pv E4 E6 D7 F6 D6 G8 F7 D8 F8 E7 C9 I6 H6 H7 F9 E9 E10 F10 G11 C7 B6 I5 E3 E2 F4 G5 H4
119333705: RapfiSE -> MESSAGE depth 13-43 ev -93 n 103K n/ms 1648 tm 63 pv E4 E6 D7 F6 D6 G8 F7 D8 F8 E7 C9 I6 H6 H7 F9 E9 E10 F10 G11 C7 B6 I5 E3 E2 F4 G5 H4 G4
119333732: RapfiSE -> MESSAGE depth 14-39 ev -29 n 148K n/ms 1647 tm 90 pv D7 F6 E4 E6 D6 G8 F7 D8 F8 E7 C9 I6 H6 H7 F9 E9 E10 F10 G11 I5 C7 F4 B8 A9 E11 D10
119333753: RapfiSE -> MESSAGE depth 15-45 ev -79 n 187K n/ms 1685 tm 111 pv D7 F6 E4 E6 D6 G8 F7 D8 F8 E7 C9 I6 H6 H7 F9 E9 E10 F10 G11 C7 B6 I5 I7 J8 E3 E2 F3 D3 F4 G5 H4 G4 J5 G3 F1 F2
119333756: RapfiSE -> MESSAGE depth 16-37 ev -79 n 193K n/ms 1699 tm 114 pv D7 F6 E4 E6 D6 G8 F7 D8 F8 E7 C9 I6 H6 H7 F9 E9 E10 F10 G11 C7 B6 I5 I7 J8 E3 E2 F3 D3 F4 G5 H4 G4 J5 G3
119333760: RapfiSE -> MESSAGE depth 17-37 ev -79 n 200K n/ms 1697 tm 118 pv D7 F6 E4 E6 D6 G8 F7 D8 F8 E7 C9 I6 H6 H7 F9 E9 E10 F10 G11 C7 B6 I5 I7 J8 E3 E2 F3 D3 F4 G5 H4 G4 J5 G3 F1 F2
119333783: RapfiSE -> MESSAGE depth 18-40 ev -103 n 240K n/ms 1708 tm 141 pv D7 F6 E4 E6 D6 G8 F7 D8 F8 E7 C9 I6 H6 H7 F9 E9 E10 F10 G11 C7 B6 I5 I7 J8 J5 E3 K8 J10 J6 I11 J4 J3 J11 K9 L8 I9 H8
119333801: RapfiSE -> MESSAGE depth 19-42 ev -99 n 272K n/ms 1716 tm 159 pv D7 F6 E4 E6 D6 G8 F7 D8 F8 E7 C9 I6 H6 H7 F9 E9 E10 F10 G11 C7 B6 I5 I7 J8 J5 E3 K8 J10 J6 I11 J4 J3 J11 I9 H8 K5 K9
119333816: RapfiSE -> MESSAGE depth 20-35 ev -99 n 297K n/ms 1711 tm 174 pv D7 F6 E4 E6 D6 G8 F7 D8 F8 E7 C9 I6 H6 H7 F9 E9 E10 F10 G11 C7 B6 I5 I7 J8 J5 E3 K8 J10 J6 I11 J4 J3 J11 I9
119333834: RapfiSE -> MESSAGE depth 21-43 ev -99 n 328K n/ms 1708 tm 192 pv D7 F6 E4 E6 D6 G8 F7 D8 F8 E7 C9 I6 H6 H7 F9 E9 E10 F10 G11 C7 B6 I5 I7 J8 J5 E3 K8 J10 J6 I11 J4 J3 J11 I9 H8 K5 K9 K3 K4 L3 M3 I4
119333852: RapfiSE -> MESSAGE depth 22-39 ev -99 n 363K n/ms 1729 tm 210 pv D7 F6 E4 E6 D6 G8 F7 D8 F8 E7 C9 I6 H6 H7 F9 E9 E10 F10 G11 C7 B6 I5 I7 J8 J5 E3 K8 J10 J6 I11 J4 J3 J11 I9 H8 K5 K9 K3
119333873: RapfiSE -> MESSAGE depth 23-45 ev -99 n 397K n/ms 1721 tm 231 pv D7 F6 E4 E6 D6 G8 F7 D8 F8 E7 C9 I6 H6 H7 F9 E9 E10 F10 G11 C7 B6 I5 I7 J8 J5 E3 K8 J10 J6 I11 J4 J3 J11 I9 H8 K5 K9 K3 K4 L3 M3 I4 I3 G6
119333903: RapfiSE -> MESSAGE depth 24-46 ev -99 n 443K n/ms 1698 tm 261 pv D7 F6 E4 E6 D6 G8 F7 D8 F8 E7 C9 I6 H6 H7 F9 E9 E10 F10 G11 C7 B6 I5 I7 J8 J5 E3 K8 J10 J6 I11 J4 J3 J11 I9 H8 K5 K9 K3 K4 L3 M3 I4 I3
119333928: RapfiSE -> MESSAGE depth 25-46 ev -99 n 480K n/ms 1686 tm 285 pv D7 F6 E4 E6 D6 G8 F7 D8 F8 E7 C9 I6 H6 H7 F9 E9 E10 F10 G11 C7 B6 I5 I7 J8 J5 E3 K8 J10 J6 I11 J4 J3 J11 I9 H8 K5 K9 K3 K4 L3 M3 I4 I3
119333962: RapfiSE -> MESSAGE depth 26-54 ev -99 n 528K n/ms 1650 tm 320 pv D7 F6 E4 E6 D6 G8 F7 D8 F8 E7 C9 I6 H6 H7 F9 E9 E10 F10 G11 C7 B6 I5 I7 J8 J5 E3 K8 J10 J6 I11 J4 J3 J11 I9 H8 K5 K9 K3 K4 L3 M3 I4 I3 G6 G5 I10 I12
119337091: RapfiSE -> MESSAGE depth 27-60 ev -22 n 3510K n/ms 1017 tm 3449 pv E4 E6 D7 F6 D6 G8 F7 D8 F8 E7 C9 I6 H6 H7 F9 E9 E10 F10 G11 C7 B6 I5 I7 J5 K4 K8 H5 F4 J6 J9 K5 L4 K10 J10 J8 K9 I9 H10 I10 I11 L8 J12 G9 H8 J13 H11 H9 K11 E3 E2
119338782: RapfiSE -> MESSAGE depth 28-74 ev -56 n 5103K n/ms 992 tm 5140 pv E4 E6 D7 G8 F7 F6 D6 D8 F8 E7 C9 I6 H6 H7 F9 E9 E10 F10 G11 C7 B6 I5 I7 J8 J5 E3 I9 J9 I8 J10 J7 I10 H11 K7 L8 K6 K8 J11 J12 H10 G10 K12 H9 F11 L10 L6 M6 H4 G5 L4 M5 J4 K5 G3 J6 L5 G9 H8 G13 G12 L3 F3 I3
119338813: RapfiSE -> MESSAGE depth 29-63 ev -56 n 5138K n/ms 993 tm 5171 pv E4 E6 D7 G8 F7 F6 D6 D8 F8 E7 C9 I6 H6 H7 F9 E9 E10 F10 G11 C7 B6 I5 I7 J8 J5 E3 I9 J9 I8 J10 J7 I10 H11 K7 L8 K6 K8 J11 J12 H10 G10 K12 H9 F11 L10 L6 M6 H4 G5 L4 M5 J4 K5 G3 J6 L5 G9 H8 G13 G12 L3 F3
119338873: RapfiSE -> MESSAGE depth 30-63 ev -56 n 5210K n/ms 996 tm 5231 pv E4 E6 D7 G8 F7 F6 D6 D8 F8 E7 C9 I6 H6 H7 F9 E9 E10 F10 G11 C7 B6 I5 I7 J8 J5 E3 I9 J9 I8 J10 J7 I10 H11 K7 L8 K6 K8 J11 J12 H10 G10 K12 H9 F11 L10 L6 M6 H4 G5 L4 M5 J4 K5 G3 J6 L5
119343340: RapfiSE -> MESSAGE depth 31-72 ev -25 n 8591K n/ms 885 tm 9698 pv D7 F6 E4 E6 D6 G8 F7 D8 F8 E7 C9 I6 H6 H7 F9 E9 E10 F10 G11 C7 B6 I5 I7 J8 J5 E3 I9 J9 I8 J10 J7 I10 H11 K7 L8 K6 K8 L6 J6 J11 J12 K12 H9 H10 G10 F11 L10 J4 K4 M5 N4 I12 M10 L9 K10 L4 K3 L5
119343589: RapfiSE -> MESSAGE depth 32-67 ev -25 n 8787K n/ms 883 tm 9947 pv E4 E6 D7 F6 D6 G8 F7 D8 F8 E7 C9 I6 H6 H7 F9 E9 E10 F10 G11 C7 B6 I5 I7 J8 J5 E3 I9 J9 J7 I10 I8 J10 H11 K7 L8 K6 K8 L6 J6 H10 G10 J11 J12 K12 H9 F11 L10 J4 K4 J13 M10 M5 N4 L9 K5 L4 G9 H8 K11 M9 I13 H14
119343822: RapfiSE -> MESSAGE depth 33-62 ev -28 n 8978K n/ms 881 tm 10180 pv E4 E6 D7 F6 D6 G8 F7 D8 F8 E7 C9 I6 H6 H7 F9 E9 E10 F10 G11 C7 B6 I5 I7 J8 J5 E3 I9 J9 I8 J10 J7 I10 H11 K7 L8 K6 K8 L6 J6 H10 G10 J11 J12 K12 H9 F11 L10 J4 K4 J13 M10 M5 N4 L9 K10 L4 K3
119344517: RapfiSE -> MESSAGE depth 34-67 ev -36 n 9504K n/ms 874 tm 10875 pv E4 E6 D7 F6 D6 G8 F7 D8 F8 E7 C9 I6 H6 H7 F9 E9 E10 F10 G11 C7 B6 I5 I7 J8 J5 E3 I9 J9 I8 J10 J7 I10 H11 K7 L8 K6 K8 L6 J6 H10 G10 J11 J12 K12 H9 F11 L10 J4 K4 J13 M10 L11 K5 L4 K11 H4 G5 M5 N4 I14 H15 I13 G9 H8 G13 G12
119348622: RapfiSE -> 8,3
deadline: RapfiSE responded [move] before 119353641
119348622: RapfiPE <- INFO time_left 2147483647
119348622: RapfiPE <- TURN 8,3
deadline: RapfiPE must respond to [move] by 119368622
119348630: RapfiPE -> MESSAGE depth 2-6 ev 17 n 634 n/ms 634 tm 0 pv F6 E4 E6
119348630: RapfiPE -> MESSAGE depth 3-5 ev 17 n 1277 n/ms 1277 tm 1 pv F6 E4 E6 D6
119348630: RapfiPE -> MESSAGE depth 4-5 ev 17 n 1917 n/ms 1917 tm 1 pv F6 E4 E6 D6
119348630: RapfiPE -> MESSAGE depth 5-6 ev 17 n 2559 n/ms 2559 tm 1 pv F6 E4 E6 D6 G8
119348630: RapfiPE -> MESSAGE depth 6-6 ev 17 n 3205 n/ms 1602 tm 2 pv F6 E4 E6 D6 G8
119348630: RapfiPE -> MESSAGE depth 7-7 ev 17 n 3872 n/ms 1936 tm 2 pv F6 E4 E6 D6 G8 F7
119348630: RapfiPE -> MESSAGE depth 8-8 ev 17 n 4583 n/ms 2291 tm 2 pv F6 E4 E6 D6 G8 F7 D8
119348633: RapfiPE -> MESSAGE depth 9-8 ev 17 n 13K n/ms 1732 tm 8 pv F6 E4 E6 D6 G8 F7 D8
119348633: RapfiPE -> MESSAGE depth 10-18 ev 13 n 15K n/ms 1730 tm 9 pv F6 E4 E6 D6 G8 F7 D8 F8 E7 C9 I6 H6 H7 F9 G7
119348634: RapfiPE -> MESSAGE depth 11-19 ev 13 n 16K n/ms 1666 tm 10 pv F6 E4 E6 D6 G8 F7 D8 F8 E7 C9 I6 H6 H7 F9
119348637: RapfiPE -> MESSAGE depth 12-19 ev 13 n 21K n/ms 1666 tm 13 pv F6 E4 E6 D6 G8 F7 D8 F8 E7 C9 I6 H6 H7 F9 G7 G5 F4 E9
119348639: RapfiPE -> MESSAGE depth 13-24 ev 13 n 24K n/ms 1663 tm 15 pv F6 E4 E6 D6 G8 F7 D8 F8 E7 C9 I6 H6 H7 F9 G7 G5 F4 E9 G9
119348647: RapfiPE -> MESSAGE depth 14-24 ev 13 n 35K n/ms 1549 tm 23 pv F6 E4 E6 D6 G8 F7 D8 F8 E7 C9 I6 H6 H7 F9 G7 G5 F4 E9 G9
119348653: RapfiPE -> MESSAGE depth 15-21 ev 13 n 44K n/ms 1523 tm 29 pv F6 E4 E6 D6 G8 F7 D8 F8 E7 C9 I6 H6 H7 F9 G7 G5 F4 E9 G9 G10
119348662: RapfiPE -> MESSAGE depth 16-23 ev 13 n 55K n/ms 1471 tm 38 pv F6 E4 E6 D6 G8 F7 D8 F8 E7 C9 I6 H6 H7 F9 G7 G5 F4 E9 G9 G10 F11 E11
119348668: RapfiPE -> MESSAGE depth 17-23 ev 13 n 63K n/ms 1447 tm 44 pv F6 E4 E6 D6 G8 F7 D8 F8 E7 C9 I6 H6 H7 F9 G7 G5 F4 E9 G9 G10 F11 E11
119348673: RapfiPE -> MESSAGE depth 18-23 ev 13 n 70K n/ms 1436 tm 49 pv F6 E4 E6 D6 G8 F7 D8 F8 E7 C9 I6 H6 H7 F9 G7 G5 F4 E9 G9 G10 F11 E11
119348680: RapfiPE -> MESSAGE depth 19-28 ev 13 n 79K n/ms 1421 tm 56 pv F6 E4 E6 D6 G8 F7 D8 F8 E7 C9 I6 H6 H7 F9 G7 G5 F4 E9 G9 G10 F11 E11 D10
119348688: RapfiPE -> MESSAGE depth 20-29 ev 13 n 89K n/ms 1396 tm 64 pv F6 E4 E6 D6 G8 F7 D8 F8 E7 C9 I6 H6 H7 F9 G7 G5 F4 E9 G9 G10 F11 E11 D10 I5 H5 K8
119348696: RapfiPE -> MESSAGE depth 21-28 ev 13 n 99K n/ms 1380 tm 72 pv F6 E4 E6 D6 G8 F7 D8 F8 E7 C9 I6 H6 H7 F9 G7 G5 F4 E9 G9 G10 F11 E11 D10 I5 H5 K8 J6
119348706: RapfiPE -> MESSAGE depth 22-31 ev 13 n 110K n/ms 1353 tm 82 pv F6 E4 E6 D6 G8 F7 D8 F8 E7 C9 I6 H6 H7 F9 G7 G5 F4 E9 G9 G10 F11 E11 D10 I5 H5 K8 J6 J7
119348719: RapfiPE -> MESSAGE depth 23-31 ev 13 n 126K n/ms 1333 tm 95 pv F6 E4 E6 D6 G8 F7 D8 F8 E7 C9 I6 H6 H7 F9 G7 G5 F4 E9 G9 G10 F11 E11 D10 I5 H5 K8 J6 J7
119348735: RapfiPE -> MESSAGE depth 24-30 ev 13 n 146K n/ms 1320 tm 111 pv F6 E4 E6 D6 G8 F7 D8 F8 E7 C9 I6 H6 H7 F9 G7 G5 F4 E9 G9 G10 F11 E11 D10 I5 H5 K8 J6 J7 K6
119348753: RapfiPE -> MESSAGE depth 25-32 ev 13 n 171K n/ms 1325 tm 129 pv F6 E4 E6 D6 G8 F7 D8 F8 E7 C9 I6 H6 H7 F9 G7 G5 F4 E9 G9 G10 F11 E11 D10 I5 H5 K8 J6 J7 K6 L6 I9
119348773: RapfiPE -> MESSAGE depth 26-34 ev 13 n 193K n/ms 1297 tm 149 pv F6 E4 E6 D6 G8 F7 D8 F8 E7 C9 I6 H6 H7 F9 G7 G5 F4 E9 G9 G10 F11 E11 D10 I5 H5 K8 J6 J7 K6 L6 I9 J10 I10
119348797: RapfiPE -> MESSAGE depth 27-35 ev 13 n 221K n/ms 1281 tm 173 pv F6 E4 E6 D6 G8 F7 D8 F8 E7 C9 I6 H6 H7 F9 G7 G5 F4 E9 G9 G10 F11 E11 D10 I5 H5 K8 J6 J7 K6 L6 I9 J10 I10 I7
119348876: RapfiPE -> MESSAGE depth 28-41 ev 29 n 296K n/ms 1175 tm 252 pv F6 E4 E6 D6 G8 F7 D8 F8 E7 C9 I6 H6 H7 F9 G7 G5 F4 E9 G9 G10 F11 E11 D10 I5 H5 K8 J6 J7 K6 L6 I9 J10 I10 I7 K9 J11 J9 H9 J5 K4
119348905: RapfiPE -> MESSAGE depth 29-42 ev 18 n 329K n/ms 1172 tm 281 pv F6 E4 E6 D6 G8 F7 D8 F8 E7 C9 I6 H6 H7 F9 G7 G5 F4 E9 G9 G10 F11 E11 D10 I5 H5 K8 J6 J7 K6 L6 I9 J10 I10 I7 K9 J11 J9 H9 J5 K4 I12
119348933: RapfiPE -> MESSAGE depth 30-42 ev 18 n 359K n/ms 1163 tm 309 pv F6 E4 E6 D6 G8 F7 D8 F8 E7 C9 I6 H6 H7 F9 G7 G5 F4 E9 G9 G10 F11 E11 D10 I5 H5 K8 J6 J7 K6 L6 I9 J10 I10 I7 K9 J11 J9 H9 J5 K4 I12
119348994: RapfiPE -> MESSAGE depth 31-45 ev 16 n 422K n/ms 1141 tm 370 pv F6 E4 E6 D6 G8 F7 D8 F8 E7 C9 I6 H6 H7 F9 G7 G5 F4 E9 G9 G10 F11 E11 D10 I5 H5 K8 J6 J7 K6 L6 I9 J10 I10 I7 K9 J11 J9 H9 J5 K4 I12 I11
119349057: RapfiPE -> MESSAGE depth 32-45 ev 16 n 481K n/ms 1112 tm 433 pv F6 E4 E6 D6 G8 F7 D8 F8 E7 C9 I6 H6 H7 F9 G7 G5 F4 E9 G9 G10 F11 E11 D10 I5 H5 K8 J6 J7 K6 L6 I9 J10 I10 I7 K9 J11 J9 H9 J5 K4 I12 I11
119349244: RapfiPE -> MESSAGE depth 33-45 ev 16 n 672K n/ms 1084 tm 620 pv F6 E4 E6 D6 G8 F7 D8 F8 E7 C9 I6 H6 H7 F9 G7 G5 F4 E9 G9 G10 F11 E11 D10 I5 H5 K8 J6 J7 K6 L6 I9 J10 I10 I7 K9 J11 J9 H9 J5 K4 I12 I11
119351166: RapfiPE -> MESSAGE depth 34-44 ev 14 n 2218K n/ms 873 tm 2541 pv F6 E4 E6 D6 G8 F7 D8 F8 E7 C9 I6 H6 H7 F9 G7 G5 F4 E9 G9 G10 F11 E11 D10 I5 H5 K8 J6 J7 K6 L6 I9 J10 I10 I7 K9 J11 J9 H9 J5 K4 I12 I11 L7
119352608: RapfiPE -> MESSAGE depth 35-45 ev 15 n 3416K n/ms 857 tm 3984 pv F6 E4 E6 D6 G8 F7 D8 F8 E7 C9 I6 H6 H7 F9 G7 G5 F4 E9 G9 G10 F11 E11 D10 I5 H5 K8 J6 J7 K10 I9 K6 L6 J9 I8 J8 J11 L10 M10 L11 L12 K11 J12
119356941: RapfiPE -> MESSAGE depth 36-45 ev 12 n 6748K n/ms 811 tm 8317 pv F6 E4 E6 D6 G8 F7 D8 F8 E7 C9 I6 H6 H7 F9 G7 G5 F4 E9 G9 G10 F11 E11 D10 I5 H5 K8 J6 J7 K10 I9 K6 L6 J9 I8 J8 K5 J4 J11 I10 J5 L10 J10
119363609: RapfiPE -> 9,5
deadline: RapfiPE responded [move] before 119368622
119363609: RapfiSE <- INFO time_left 2147483647
119363609: RapfiSE <- TURN 9,5
deadline: RapfiSE must respond to [move] by 119383609
119363614: RapfiSE -> MESSAGE depth 2-4 ev -64 n 648 n/ms 648 tm 0 pv C8 E6
119363614: RapfiSE -> MESSAGE depth 3-5 ev -83 n 1300 n/ms 1300 tm 0 pv E4 E6
119363614: RapfiSE -> MESSAGE depth 4-5 ev -83 n 1954 n/ms 1954 tm 1 pv E4 E6 D6 G8
119363614: RapfiSE -> MESSAGE depth 5-6 ev -82 n 2594 n/ms 2594 tm 1 pv E4 E6 D6 G8 F7
119363614: RapfiSE -> MESSAGE depth 6-6 ev -82 n 3262 n/ms 3262 tm 1 pv E4 E6 D6 G8 F7
119363614: RapfiSE -> MESSAGE depth 7-7 ev -82 n 3909 n/ms 1954 tm 2 pv E4 E6 D6 G8 F7 D8
119363614: RapfiSE -> MESSAGE depth 8-8 ev -82 n 4650 n/ms 2325 tm 2 pv E4 E6 D6 G8 F7 D8 F8
119363614: RapfiSE -> MESSAGE depth 9-8 ev -82 n 5431 n/ms 2715 tm 2 pv E4 E6 D6 G8 F7 D8 F8
119363617: RapfiSE -> MESSAGE depth 10-12 ev -82 n 11K n/ms 1905 tm 6 pv E4 E6 D6 G8 F7 D8 F8 E7 C9
119363629: RapfiSE -> MESSAGE depth 11-24 ev -90 n 27K n/ms 1505 tm 18 pv E4 E6 D6 G8 F7 D8 F8 E7 C9 I6 H6 H7 F9 E9 E10 F10 G11 I7 G3
119363633: RapfiSE -> MESSAGE depth 12-24 ev -90 n 33K n/ms 1524 tm 22 pv E4 E6 D6 G8 F7 D8 F8 E7 C9 I6 H6 H7 F9 E9 E10 F10 G11 I7 G3
119363635: RapfiSE -> MESSAGE depth 13-22 ev -90 n 36K n/ms 1512 tm 24 pv E4 E6 D6 G8 F7 D8 F8 E7 C9 I6 H6 H7 F9 E9 E10 F10 G11 I7 G3 C7 B6
119363640: RapfiSE -> MESSAGE depth 14-29 ev -91 n 42K n/ms 1480 tm 29 pv E4 E6 D6 G8 F7 D8 F8 E7 C9 I6 H6 H7 F9 E9 E10 F10 G11 C7 B6 I5 I7 K8 E3 E2 F4 G5 H4
119363643: RapfiSE -> MESSAGE depth 15-29 ev -91 n 47K n/ms 1490 tm 32 pv E4 E6 D6 G8 F7 D8 F8 E7 C9 I6 H6 H7 F9 E9 E10 F10 G11 C7 B6 I5 I7 K8
119363645: RapfiSE -> MESSAGE depth 16-23 ev -91 n 50K n/ms 1493 tm 34 pv E4 E6 D6 G8 F7 D8 F8 E7 C9 I6 H6 H7 F9 E9 E10 F10 G11 C7 B6 I5
119363651: RapfiSE -> MESSAGE depth 17-28 ev -91 n 58K n/ms 1462 tm 40 pv E4 E6 D6 G8 F7 D8 F8 E7 C9 I6 H6 H7 F9 E9 E10 F10 G11 C7 B6 I5 I7
119363657: RapfiSE -> MESSAGE depth 18-33 ev -91 n 68K n/ms 1479 tm 46 pv E4 E6 D6 G8 F7 D8 F8 E7 C9 I6 H6 H7 F9 E9 E10 F10 G11 C7 B6 I5 E3 E2 F4 G5 H4 G4 H5
119363888: RapfiSE -> MESSAGE depth 19-48 ev -173 n 392K n/ms 1418 tm 277 pv E4 E6 D6 G8 F7 D8 F8 E7 C9 I6 H6 H7 F9 E9 E10 F10 G11 C7 B6 I5 H4 F4 J7 I9 I8 J10 H9 G10 J5 K6 K9 J8 H8 L6 K7 M6 J6 L7
119363939: RapfiSE -> MESSAGE depth 20-41 ev -106 n 461K n/ms 1405 tm 328 pv E4 E6 D6 G8 F7 D8 F8 E7 C9 I6 H6 H7 F9 E9 E10 F10 G11 C7 B6 I5 H4 F4 J5 J7 I7 J9 J8 K9 I9 H10 K10 K8 L9 K6
119363960: RapfiSE -> MESSAGE depth 21-36 ev -106 n 490K n/ms 1406 tm 349 pv E4 E6 D6 G8 F7 D8 F8 E7 C9 I6 H6 H7 F9 E9 E10 F10 G11 C7 B6 I5 H4 F4 J5 J7 I7 J9 J8 K9 I9 H10 K10 K8 L9
119363982: RapfiSE -> MESSAGE depth 22-33 ev -106 n 523K n/ms 1410 tm 371 pv E4 E6 D6 G8 F7 D8 F8 E7 C9 I6 H6 H7 F9 E9 E10 F10 G11 C7 B6 I5 H4 F4 J5 J7 I7 J9 J8 K9 I9 H10 K10 K8
119364009: RapfiSE -> MESSAGE depth 23-33 ev -106 n 558K n/ms 1404 tm 398 pv E4 E6 D6 G8 F7 D8 F8 E7 C9 I6 H6 H7 F9 E9 E10 F10 G11 C7 B6 I5 H4 F4 J5 J7 I7 J9 J8 K9 I9 H10 K10 K8
119365271: RapfiSE -> MESSAGE depth 24-63 ev -203 n 1754K n/ms 1056 tm 1660 pv E4 E6 D6 G8 F7 D8 F8 E7 C9 I6 H6 H7 F9 E9 E10 F10 G11 C7 B6 I5 E3 E2 F4 G5 H4 G4 H5 H2 I4 G6 G7 K8 D4 G2 G3 F2 I2 B4 J9 L9 J7 J8 I8 K6 F3 D3 K7 L10
119365595: RapfiSE -> MESSAGE depth 25-49 ev -215 n 2077K n/ms 1047 tm 1983 pv E4 E6 D6 G8 F7 D8 F8 E7 C9 I6 H6 H7 F9 E9 E10 F10 G11 C7 B6 I5 E3 E2 F4 G5 H4 G4 H5 H2 I4 G6 G7 K8 D4 G2 G3 F2 I2 B4 J9 K7 F3 D3 K6 J8 I8 L6
119365788: RapfiSE -> MESSAGE depth 26-53 ev -88 n 2211K n/ms 1017 tm 2174 pv E4 E6 D6 G8 F7 D8 F8 E7 C9 I6 H6 H7 F9 E9 E10 F10 G11 C7 B6 I5 I7 K8 J5 J7 L9 J9 H4 F4 J8 K9 K10 K6 E3 E2 J11 I12 D3 B3 I11 H11 I10 H10 G3 F3 H9 M6
119365816: RapfiSE -> MESSAGE depth 27-45 ev -88 n 2231K n/ms 1013 tm 2202 pv E4 E6 D6 G8 F7 D8 F8 E7 C9 I6 H6 H7 F9 E9 E10 F10 G11 C7 B6 I5 I7 K8 J5 J7 L9 J9 H4 F4 J8 K9 K10 K6 E3 E2 J11 I12 D3 B3 I11 H11 I10 H10 G3 F3
119365838: RapfiSE -> MESSAGE depth 28-45 ev -88 n 2249K n/ms 1010 tm 2227 pv E4 E6 D6 G8 F7 D8 F8 E7 C9 I6 H6 H7 F9 E9 E10 F10 G11 C7 B6 I5 I7 K8 J5 J7 L9 J9 H4 F4 J8 K9 K10 K6 E3 E2 J11 I12 D3 B3 I11 H11 I10 H10 G3 F3
119365887: RapfiSE -> MESSAGE depth 29-45 ev -88 n 2291K n/ms 1006 tm 2276 pv E4 E6 D6 G8 F7 D8 F8 E7 C9 I6 H6 H7 F9 E9 E10 F10 G11 C7 B6 I5 I7 K8 J5 J7 L9 J9 H4 F4 J8 K9 K10 K6 E3 E2 J11 I12 D3 B3 I11 H11 I10 H10 G3 F3
119372530: RapfiSE -> MESSAGE depth 30-68 ev -131 n 8209K n/ms 920 tm 8919 pv E4 E6 D6 G8 F7 D8 F8 E7 C9 I6 H6 H7 F9 E9 E10 F10 G11 C7 B6 I5 I7 K8 J5 J7 L9 J9 H4 F4 E3 E2 C5 F2 D2 D3 J8 K9 K10 K6 J11 I12 I10 I9 H9 L5 M4 B5 B4 A5 A7 D4 C4 L6 M6 K5 K7 M7
119373763: RapfiSE -> MESSAGE depth 31-64 ev -104 n 9381K n/ms 924 tm 10152 pv E4 E6 D6 G8 F7 D8 F8 E7 C9 I6 H6 H7 F9 E9 E10 F10 G11 C7 B6 I5 I7 K8 J5 J7 L9 J9 H4 F4 J8 K9 K10 K6 J11 I12 L7 L6 M6 H9 I8 I9 G9 H11 H10 I11 I10 J10 L8 H8 G7 J13 G10 K11 L12
119374139: RapfiSE -> MESSAGE depth 32-64 ev -117 n 9749K n/ms 926 tm 10528 pv E4 E6 D6 G8 F7 D8 F8 E7 C9 I6 H6 H7 F9 E9 E10 F10 G11 C7 B6 I5 I7 K8 J5 J7 L9 J9 H4 F4 J8 K9 K10 K6 J11 I12 L7 L6 E3 E2 C5 D4 D3 H5 G4 B3 K5 I11 G3 F3 I9 H10 H12 C4 A2 J12 K13
119374183: RapfiSE -> MESSAGE depth 33-56 ev -117 n 9786K n/ms 925 tm 10572 pv E4 E6 D6 G8 F7 D8 F8 E7 C9 I6 H6 H7 F9 E9 E10 F10 G11 C7 B6 I5 I7 K8 J5 J7 L9 J9 H4 F4 J8 K9 K10 K6 J11 I12 L7 L6 E3 E2 C5 D4 D3 H5 G4 B3 K5 I11 G3 F3 I9 H10 H12 C4 A2 J12 K13
119374250: RapfiSE -> MESSAGE depth 34-56 ev -117 n 9849K n/ms 925 tm 10639 pv E4 E6 D6 G8 F7 D8 F8 E7 C9 I6 H6 H7 F9 E9 E10 F10 G11 C7 B6 I5 I7 K8 J5 J7 L9 J9 H4 F4 J8 K9 K10 K6 J11 I12 L7 L6 E3 E2 C5 D4 D3 H5 G4 B3 K5 I11 G3 F3 I9 H10 H12 C4 A2 J12 K13
119377570: RapfiSE -> MESSAGE depth 35-69 ev -67 n 12M n/ms 920 tm 13959 pv E4 E6 D6 G8 F7 D8 F8 E7 C9 I6 H6 H7 F9 E9 E10 F10 G11 C7 B6 I5 I7 K8 J5 J7 L9 J9 H4 F4 J8 K9 K10 K6 J11 I12 L7 H9 I8 I9 G9 H11 H10 J10 I11 J12 K12 H8 G7 H5 G4 M7 K5 K11 L12 J13 K14 I13 E3 E2 M8 N7 L10 L13 K13
119377572: RapfiSE -> 11,4
deadline: RapfiSE responded [move] before 119383609
119377572: RapfiPE <- INFO time_left 2147483647
119377572: RapfiPE <- TURN 11,4
deadline: RapfiPE must respond to [move] by 119397572
119377579: RapfiPE -> MESSAGE depth 2-4 ev 83 n 483 n/ms 483 tm 0 pv E6 D6 G8
119377579: RapfiPE -> MESSAGE depth 3-5 ev 63 n 1106 n/ms 1106 tm 0 pv E6 D6 G8 F7
119377579: RapfiPE -> MESSAGE depth 4-5 ev 63 n 1664 n/ms 1664 tm 1 pv E6 D6 G8 F7
119377579: RapfiPE -> MESSAGE depth 5-6 ev 63 n 2286 n/ms 2286 tm 1 pv E6 D6 G8 F7 D8
119377579: RapfiPE -> MESSAGE depth 6-6 ev 63 n 2887 n/ms 2887 tm 1 pv E6 D6 G8 F7 D8
119377579: RapfiPE -> MESSAGE depth 7-7 ev 63 n 3492 n/ms 1746 tm 2 pv E6 D6 G8 F7 D8 F8
119377579: RapfiPE -> MESSAGE depth 8-8 ev 63 n 4220 n/ms 2110 tm 2 pv E6 D6 G8 F7 D8 F8 E7
119377579: RapfiPE -> MESSAGE depth 9-11 ev 63 n 5048 n/ms 2524 tm 2 pv E6 D6 G8 F7 D8 F8 E7 C9
119377581: RapfiPE -> MESSAGE depth 10-11 ev 63 n 11K n/ms 1605 tm 7 pv E6 D6 G8 F7 D8 F8 E7 C9
119377582: RapfiPE -> MESSAGE depth 11-14 ev 59 n 12K n/ms 1538 tm 8 pv E6 D6 G8 F7 D8 F8 E7 C9 I6 H6 H7
119377587: RapfiPE -> MESSAGE depth 12-22 ev 59 n 19K n/ms 1478 tm 13 pv E6 D6 G8 F7 D8 F8 E7 C9 I6 H6 H7 F9 E9 E10 F10 G11 C7 B6 I5
119377593: RapfiPE -> MESSAGE depth 13-22 ev 59 n 25K n/ms 1395 tm 18 pv E6 D6 G8 F7 D8 F8 E7 C9 I6 H6 H7 F9 E9 E10 F10 G11 C7 B6 I5
119377594: RapfiPE -> MESSAGE depth 14-22 ev 59 n 28K n/ms 1444 tm 20 pv E6 D6 G8 F7 D8 F8 E7 C9 I6 H6 H7 F9 E9 E10 F10 G11 C7 B6 I5
119377601: RapfiPE -> MESSAGE depth 15-27 ev 59 n 37K n/ms 1388 tm 27 pv E6 D6 G8 F7 D8 F8 E7 C9 I6 H6 H7 F9 E9 E10 F10 G11 C7 B6 I5 I7
119377746: RapfiPE -> MESSAGE depth 16-39 ev 137 n 218K n/ms 1269 tm 172 pv E6 D6 G8 F7 D8 F8 E7 C9 I6 H6 H7 F9 E9 E10 F10 G11 C7 B6 I5 E3 E2 F4 G5 H4 G4 H5 H2 I4 G6 G7 I8 B4
119377791: RapfiPE -> MESSAGE depth 17-38 ev 175 n 279K n/ms 1288 tm 217 pv E6 D6 G8 F7 D8 F8 E7 C9 I6 H6 H7 F9 E9 E10 F10 G11 C7 B6 I5 E3 E2 F4 G5 H4 G4 H5 G6 G7 G3 G2
119377857: RapfiPE -> MESSAGE depth 18-46 ev 171 n 367K n/ms 1298 tm 283 pv E6 D6 G8 F7 D8 F8 E7 C9 I6 H6 H7 F9 E9 E10 F10 G11 C7 B6 I5 E3 E2 F3 D3 F4 G5 H4 G4 D4 C5 C4 B4 J5 J7
119377964: RapfiPE -> MESSAGE depth 19-41 ev 200 n 512K n/ms 1314 tm 390 pv E6 D6 G8 F7 D8 F8 E7 C9 I6 H6 H7 F9 E9 E10 F10 G11 C7 B6 I5 E3 E2 F3 D3 F4 G5 H4 G4 D4 C5 C4 B4 J5 J7 H2 G3
119378054: RapfiPE -> MESSAGE depth 20-43 ev 117 n 630K n/ms 1312 tm 480 pv E6 D6 G8 F7 D8 F8 E7 C9 I6 H6 H7 F9 E9 E10 F10 G11 C7 B6 I5 E3 E2 F4 G5 H4 G4 H5 G6 G7 G3 G2 I8 I7 J8 K8 K6 J7
119378096: RapfiPE -> MESSAGE depth 21-43 ev 117 n 675K n/ms 1293 tm 522 pv E6 D6 G8 F7 D8 F8 E7 C9 I6 H6 H7 F9 E9 E10 F10 G11 C7 B6 I5 E3 E2 F4 G5 H4 G4 H5 G6 G7 G3 G2 I8 I7 J8 K8
119378544: RapfiPE -> MESSAGE depth 22-43 ev 36 n 1163K n/ms 1199 tm 970 pv E6 D6 G8 F7 D8 F8 E7 C9 I6 H6 H7 F9 E9 E10 F10 G11 C7 B6 I5 I7 K8 J5 J7 L9 J9 H4 F4 J8 K9 K10 K6 J11 I12 I10 M6 L6 L5
119378548: RapfiPE -> MESSAGE depth 23-36 ev 36 n 1168K n/ms 1200 tm 974 pv E6 D6 G8 F7 D8 F8 E7 C9 I6 H6 H7 F9 E9 E10 F10 G11 C7 B6 I5 I7 K8 J5 J7 L9 J9 H4 F4 J8 K9 K10 K6 J11 I12 I10 M6
119378554: RapfiPE -> MESSAGE depth 24-35 ev 36 n 1177K n/ms 1201 tm 980 pv E6 D6 G8 F7 D8 F8 E7 C9 I6 H6 H7 F9 E9 E10 F10 G11 C7 B6 I5 I7 K8 J5 J7 L9 J9 H4 F4 J8 K9 K10 K6 J11 I12 I10
119378558: RapfiPE -> MESSAGE depth 25-36 ev 36 n 1181K n/ms 1200 tm 984 pv E6 D6 G8 F7 D8 F8 E7 C9 I6 H6 H7 F9 E9 E10 F10 G11 C7 B6 I5 I7 K8 J5 J7 L9 J9 H4 F4 J8 K9 K10 K6 J11 I12
119378570: RapfiPE -> MESSAGE depth 26-36 ev 36 n 1198K n/ms 1203 tm 996 pv E6 D6 G8 F7 D8 F8 E7 C9 I6 H6 H7 F9 E9 E10 F10 G11 C7 B6 I5 I7 K8 J5 J7 L9 J9 H4 F4 J8 K9 K10 K6 J11 I12
119378786: RapfiPE -> MESSAGE depth 27-42 ev 67 n 1460K n/ms 1205 tm 1212 pv E6 D6 G8 F7 D8 F8 E7 C9 I6 H6 H7 F9 E9 E10 F10 G11 C7 B6 I5 I7 K8 J5 J7 L9 J9 H4 F4 J8 K9 K10 K6 J11 I12 I11 H11 I10 L5 I8 I9
119378850: RapfiPE -> MESSAGE depth 28-44 ev 67 n 1520K n/ms 1191 tm 1276 pv E6 D6 G8 F7 D8 F8 E7 C9 I6 H6 H7 F9 E9 E10 F10 G11 C7 B6 I5 I7 K8 J5 J7 L9 J9 H4 F4 J8 K9 K10 K6 J11 I12 I11 H11 I10 L5 I8 I9 M6 J10
119379648: RapfiPE -> MESSAGE depth 29-62 ev 106 n 2366K n/ms 1141 tm 2074 pv E6 D6 G8 F7 D8 F8 E7 C9 I6 H6 H7 F9 E9 E10 F10 G11 C7 B6 I5 I7 K8 J5 J7 L9 J9 H4 F4 J8 K9 K10 K6 M6 H9 I8 I9 G9 H11 I10 H8 H10 J10 G7 I11 L8 J13 J12 I13 H13 I12
119379863: RapfiPE -> MESSAGE depth 30-59 ev 106 n 2585K n/ms 1129 tm 2289 pv E6 D6 G8 F7 D8 F8 E7 C9 I6 H6 H7 F9 E9 E10 F10 G11 C7 B6 I5 I7 K8 J5 J7 L9 J9 H4 F4 J8 K9 K10 K6 M6 H9 I8 I9 G9 H11 I10 H8 H10 J10 G7 I11 L8 J13
119382215: RapfiPE -> MESSAGE depth 31-73 ev 102 n 5370K n/ms 1157 tm 4641 pv E6 D6 G8 F7 D8 F8 E7 C9 I6 H6 H7 F9 E9 E10 F10 G11 C7 B6 I5 I7 K8 J5 J7 L9 J9 H4 F4 J8 K9 K10 K6 L7 L5 I8 I9 K5 J10 H8 M4 N3 G9 H9 M6 M7 L6 J6 L4 K4 J11 J12
119383093: RapfiPE -> MESSAGE depth 32-69 ev 53 n 6035K n/ms 1093 tm 5519 pv E6 D6 G8 F7 D8 F8 E7 C9 I6 H6 H7 F9 E9 E10 F10 G11 C7 B6 I5 I7 K8 J5 J7 L9 J9 H4 F4 J8 K9 K10 K6 L7 H9 I8 I9 G9 J10 J11 H8 G7 I12 I11 H11 H10 J12 K12 L8 K7 K11 L12 M7 N6 M8 M6 H5 G4 J13 K14 L10 M9 G12 I10 H14 I13
119387044: RapfiPE -> MESSAGE depth 33-77 ev 33 n 9678K n/ms 1022 tm 9470 pv E6 D6 G8 F7 D8 F8 E7 C9 I6 H6 H7 F9 E9 E10 F10 G11 C7 B6 I5 I7 J8 J5 E3 I9 J9 I8 J10 J7 I10 H11 K7 L8 J11 J12 K6 K8 H10 G10 L6 M6 K12 H9 F11 L10 H4 G5 K3 K4 M5 N4 L4 J2 J13 L11 M14 L13 L9 G3
119387614: RapfiPE -> MESSAGE depth 34-65 ev 45 n 10M n/ms 1010 tm 10040 pv E6 D6 G8 F7 D8 F8 E7 C9 I6 H6 H7 F9 E9 E10 F10 G11 C7 B6 I5 I7 J8 J5 E3 I9 J9 I8 J10 J7 I10 H11 K7 L8 K6 K8 H10 G10 J11 J12 K12 H9 F11 L10 L6 J6 K11 M10 L11 N11 L9 K10 J4 K5 L4 G9 H8 M5 L5 L3 K4 I4
119389945: RapfiPE -> MESSAGE depth 35-72 ev 41 n 12M n/ms 980 tm 12371 pv E6 D6 G8 F7 D8 F8 E7 C9 I6 H6 H7 F9 E9 E10 F10 G11 C7 B6 I5 I7 K8 J5 J7 L9 J9 H4 F4 J8 K9 K10 K6 L7 H9 I8 I9 G9 J10 J11 H8 G7 H11 H10 I12 I11 J12 K12 K11 L12 I13 L10 G12 I10 L13 H13 K14 J13 F12 H12 L6 M6 K5 K7 M7 J4 N8 O9
119391443: RapfiPE -> MESSAGE depth 36-72 ev 41 n 13M n/ms 974 tm 13869 pv E6 D6 G8 F7 D8 F8 E7 C9 I6 H6 H7 F9 E9 E10 F10 G11 C7 B6 I5 I7 K8 J5 J7 L9 J9 H4 F4 J8 K9 K10 K6 L7 H9 I8 I9 G9 J10 J11 H8 G7 H11 H10 I12 I11 J12 K12 K11 L12 I13 L10 G12 I10 L13 H13 K14 J13 F12 H12 L6 M6 K5 K7 M7 J4 N8 O9
119391446: RapfiPE -> 9,4
deadline: RapfiPE responded [move] before 119397572
119391446: RapfiSE <- INFO time_left 2147483647
119391446: RapfiSE <- TURN 9,4
deadline: RapfiSE must respond to [move] by 119411447
119391452: RapfiSE -> MESSAGE depth 2-4 ev -94 n 90 n/ms 90 tm 1 pv D6 G8 F7
119391452: RapfiSE -> MESSAGE depth 3-5 ev -94 n 220 n/ms 220 tm 1 pv D6 G8 F7 D8
119391452: RapfiSE -> MESSAGE depth 4-5 ev -94 n 247 n/ms 123 tm 2 pv D6 G8 F7 D8
119391452: RapfiSE -> MESSAGE depth 5-6 ev -94 n 333 n/ms 166 tm 2 pv D6 G8 F7 D8 F8
119391452: RapfiSE -> MESSAGE depth 6-6 ev -94 n 436 n/ms 218 tm 2 pv D6 G8 F7 D8 F8
119391452: RapfiSE -> MESSAGE depth 7-7 ev -94 n 593 n/ms 296 tm 2 pv D6 G8 F7 D8 F8 E7
119391452: RapfiSE -> MESSAGE depth 8-10 ev -94 n 950 n/ms 475 tm 2 pv D6 G8 F7 D8 F8 E7 C9
119391452: RapfiSE -> MESSAGE depth 9-10 ev -94 n 1212 n/ms 606 tm 2 pv D6 G8 F7 D8 F8 E7 C9
119391452: RapfiSE -> MESSAGE depth 10-9 ev -94 n 1520 n/ms 506 tm 3 pv D6 G8 F7 D8 F8 E7 C9 I6
119391452: RapfiSE -> MESSAGE depth 11-9 ev -94 n 1912 n/ms 637 tm 3 pv D6 G8 F7 D8 F8 E7 C9 I6
119391452: RapfiSE -> MESSAGE depth 12-16 ev -94 n 2499 n/ms 833 tm 3 pv D6 G8 F7 D8 F8 E7 C9 I6 H6
119391452: RapfiSE -> MESSAGE depth 13-13 ev -94 n 3399 n/ms 849 tm 4 pv D6 G8 F7 D8 F8 E7 C9 I6 H6 H7
119391479: RapfiSE -> MESSAGE depth 14-31 ev -134 n 44K n/ms 1447 tm 31 pv D6 G8 F7 D8 F8 E7 C9 I6 H6 H7 F9 E9 E10 F10 G11 C7 B6 I5 E3 E2 F4 G5 H4 G4 H5
119391481: RapfiSE -> MESSAGE depth 15-27 ev -134 n 48K n/ms 1474 tm 33 pv D6 G8 F7 D8 F8 E7 C9 I6 H6 H7 F9 E9 E10 F10 G11 C7 B6 I5 E3 E2 F4 G5 H4 G4 H5 H2
119391483: RapfiSE -> MESSAGE depth 16-27 ev -134 n 52K n/ms 1498 tm 35 pv D6 G8 F7 D8 F8 E7 C9 I6 H6 H7 F9 E9 E10 F10 G11 C7 B6 I5 E3 E2 F4 G5 H4 G4 H5 H2
119391562: RapfiSE -> MESSAGE depth 17-41 ev -179 n 173K n/ms 1520 tm 114 pv D6 G8 F7 D8 F8 E7 C9 I6 H6 H7 F9 E9 E10 F10 G11 C7 B6 I5 F4 E3 H4 I4 I7 J8 G4 D4 J5
119391687: RapfiSE -> MESSAGE depth 18-52 ev -173 n 340K n/ms 1424 tm 239 pv D6 G8 F7 D8 F8 E7 C9 I6 H6 H7 F9 E9 E10 F10 G11 C7 B6 I5 E3 E2 F4 G5 H4 G4 H5 H2 D3 G6 G7 B3 G3 F3 I7 C4 A2 J8 J9 K8
119391726: RapfiSE -> MESSAGE depth 19-41 ev -173 n 388K n/ms 1397 tm 278 pv D6 G8 F7 D8 F8 E7 C9 I6 H6 H7 F9 E9 E10 F10 G11 C7 B6 I5 E3 E2 F4 G5 H4 G4 H5 H2 D3 G6 G7 B3 G3 F3 I7 C4 A2 J8 J9
119391767: RapfiSE -> MESSAGE depth 20-28 ev -167 n 441K n/ms 1383 tm 319 pv D6 G8 F7 D8 F8 E7 C9 I6 H6 H7 F9 E9 E10 F10 G11 C7 B6 I5 H4 H5 G5 F4 J7 J8 I8 K6 J5
119391817: RapfiSE -> MESSAGE depth 21-29 ev -167 n 507K n/ms 1376 tm 369 pv D6 G8 F7 D8 F8 E7 C9 I6 H6 H7 F9 E9 E10 F10 G11 C7 B6 I5 H4 H5 G5 F4 J7 J8 I8 K6 J5 L6
119392192: RapfiSE -> MESSAGE depth 22-46 ev -217 n 938K n/ms 1261 tm 744 pv D6 G8 F7 D8 F8 E7 C9 I6 H6 H7 F9 E9 E10 F10 G11 C7 B6 I5 E3 E2 F4 G5 H4 G4 H5 H2 I4 G6 G7 K8 D4 G2 G3 F2 I2 B4 J9 K7 F3 D3 K6 J8 I8
119392306: RapfiSE -> MESSAGE depth 23-48 ev -217 n 1077K n/ms 1256 tm 858 pv D6 G8 F7 D8 F8 E7 C9 I6 H6 H7 F9 E9 E10 F10 G11 C7 B6 I5 E3 E2 F4 G5 H4 G4 H5 H2 I4 G6 G7 K8 D4 G2 G3 F2 I2 B4 J9 K7 F3 D3 K6 J8
119392405: RapfiSE -> MESSAGE depth 24-45 ev -217 n 1193K n/ms 1246 tm 957 pv D6 G8 F7 D8 F8 E7 C9 I6 H6 H7 F9 E9 E10 F10 G11 C7 B6 I5 E3 E2 F4 G5 H4 G4 H5 H2 I4 G6 G7 K8 D4 G2 G3 F2 I2 B4 J9 K7 F3 D3 K6 J8 I8 J7
119392747: RapfiSE -> MESSAGE depth 25-62 ev -121 n 1609K n/ms 1238 tm 1299 pv D6 G8 F7 D8 F8 E7 C9 I6 H6 H7 F9 E9 E10 F10 G11 C7 B6 I5 I7 K8 J5 J7 L9 J9 H4 F4 J8 K9 K10 K6 J11 I12 L7 H9 I8 H11 H10 I9 G9 J10 I11 J12 K12 H8 G7 H5 G4 L6 M6 K11 L12 J13
119392784: RapfiSE -> MESSAGE depth 26-53 ev -121 n 1646K n/ms 1232 tm 1336 pv D6 G8 F7 D8 F8 E7 C9 I6 H6 H7 F9 E9 E10 F10 G11 C7 B6 I5 I7 K8 J5 J7 L9 J9 H4 F4 J8 K9 K10 K6 J11 I12 L7 H9 I8 H11 H10 I9 G9 J10 I11 J12 K12 H8 G7 H5 G4 L6 M6 K11 L12 J13
119392846: RapfiSE -> MESSAGE depth 27-56 ev -121 n 1714K n/ms 1226 tm 1398 pv D6 G8 F7 D8 F8 E7 C9 I6 H6 H7 F9 E9 E10 F10 G11 C7 B6 I5 I7 K8 J5 J7 L9 J9 H4 F4 J8 K9 K10 K6 J11 I12 L7 H9 I8 H11 H10 I9 G9 J10 I11 J12 K12 H8 G7 H5 G4 L6 M6 K11 L12 J13 G10
119394009: RapfiSE -> MESSAGE depth 28-77 ev -95 n 2809K n/ms 1097 tm 2561 pv D6 G8 F7 D8 F8 E7 C9 I6 H6 H7 F9 E9 E10 F10 G11 C7 B6 I5 I7 K8 J5 J7 L9 J9 H4 F4 J8 K9 K10 K6 J11 I12 L7 H9 I8 H11 H10 I9 G9 J10 I11 J12 H12 H8 G7 L8 M9 M7 N6 K5 K7 J13 K14 L6 J4 M6 J6
119394083: RapfiSE -> MESSAGE depth 29-72 ev -103 n 2882K n/ms 1093 tm 2635 pv D6 G8 F7 D8 F8 E7 C9 I6 H6 H7 F9 E9 E10 F10 G11 C7 B6 I5 I7 K8 J5 J7 L9 J9 H4 F4 J8 K9 K10 K6 J11 I12 L7 H9 I8 H11 H10 I9 G9 J10 I11 J12 H12 H8 G7 L8 M9 G12 I10 M7 N6 K5 K7 L6 E3 E2 J4 F2 D2 N8 O9 M8 O8 M6 J6 M4 M5 L5 N3
119394753: RapfiSE -> MESSAGE depth 30-75 ev -79 n 3547K n/ms 1073 tm 3305 pv D6 G8 F7 D8 F8 E7 C9 I6 H6 H7 F9 E9 E10 F10 G11 C7 B6 I5 I7 K8 J5 J7 L9 J9 H4 F4 J8 K9 K10 K6 J11 I12 L7 H9 I8 H11 H10 I9 G9 J10 I11 J12 H12 H8 G7 L8 M9 M7 N6 K5 K7 J13 K14 H5 G4 L6 J4 N8 O9 M8 O8
119394824: RapfiSE -> MESSAGE depth 31-72 ev -79 n 3618K n/ms 1071 tm 3376 pv D6 G8 F7 D8 F8 E7 C9 I6 H6 H7 F9 E9 E10 F10 G11 C7 B6 I5 I7 K8 J5 J7 L9 J9 H4 F4 J8 K9 K10 K6 J11 I12 L7 H9 I8 H11 H10 I9 G9 J10 I11 J12 H12 H8 G7 L8 M9 M7 N6 K5 K7 J13 K14 H5 G4 L6 J4 N8 O9
119394890: RapfiSE -> MESSAGE depth 32-72 ev -83 n 3686K n/ms 1071 tm 3442 pv D6 G8 F7 D8 F8 E7 C9 I6 H6 H7 F9 E9 E10 F10 G11 C7 B6 I5 I7 K8 J5 J7 L9 J9 H4 F4 J8 K9 K10 K6 J11 I12 L7 H9 I8 H11 H10 I9 G9 J10 I11 J12 H12 H8 G7 L8 M9 M7 N6 K5 K7 J13 K14 H5 G4 L6 J4 O9 N8
119395021: RapfiSE -> MESSAGE depth 33-72 ev -83 n 3814K n/ms 1067 tm 3573 pv D6 G8 F7 D8 F8 E7 C9 I6 H6 H7 F9 E9 E10 F10 G11 C7 B6 I5 I7 K8 J5 J7 L9 J9 H4 F4 J8 K9 K10 K6 J11 I12 L7 H9 I8 H11 H10 I9 G9 J10 I11 J12 H12 H8 G7 L8 M9 M7 N6 K5 K7 J13 K14 H5 G4 L6 J4
119395478: RapfiSE -> MESSAGE depth 34-72 ev -83 n 4260K n/ms 1057 tm 4030 pv D6 G8 F7 D8 F8 E7 C9 I6 H6 H7 F9 E9 E10 F10 G11 C7 B6 I5 I7 K8 J5 J7 L9 J9 H4 F4 J8 K9 K10 K6 J11 I12 L7 H9 I8 H11 H10 I9 G9 J10 I11 J12 H12 H8 G7 L8 M9 M7 N6 K5 K7 J13 K14 H5 G4 L6 J4
119396596: RapfiSE -> MESSAGE depth 35-72 ev -83 n 5292K n/ms 1028 tm 5148 pv D6 G8 F7 D8 F8 E7 C9 I6 H6 H7 F9 E9 E10 F10 G11 C7 B6 I5 I7 K8 J5 J7 L9 J9 H4 F4 J8 K9 K10 K6 J11 I12 L7 H9 I8 H11 H10 I9 G9 J10 I11 J12 H12 H8 G7 L8 M9 M7 N6 K5 K7 J13 K14 H5 G4 L6 J4
119406425: RapfiSE -> 9,3
deadline: RapfiSE responded [move] before 119411447
119406425: RapfiPE <- INFO time_left 2147483647
119406425: RapfiPE <- TURN 9,3
